<?xml version="1.0" encoding="UTF-8"?>
<testsuite xmlns:xsi="http://www.w3.org/2001/XMLSchema-instance" xsi:noNamespaceSchemaLocation="https://maven.apache.org/surefire/maven-surefire-plugin/xsd/surefire-test-report-3.0.xsd" version="3.0" name="br.edu.iff.bji.ec.compiladores.krenaklogo.KrenakLogoLexerTest" time="0.075" tests="22" errors="0" skipped="0" failures="0">
  <properties>
    <property name="java.specification.version" value="22"/>
    <property name="sun.cpu.isalist" value="amd64"/>
    <property name="sun.jnu.encoding" value="Cp1252"/>
    <property name="java.class.path" value="C:\Users\Pazssoni\Documents\GitHub\linguagem-krenak-logo-6-periodo-compiladores-grupo-1\krenaklogo\target\test-classes;C:\Users\Pazssoni\Documents\GitHub\linguagem-krenak-logo-6-periodo-compiladores-grupo-1\krenaklogo\target\classes;C:\Users\Pazssoni\.m2\repository\org\antlr\antlr4\4.13.1\antlr4-4.13.1.jar;C:\Users\Pazssoni\.m2\repository\org\antlr\antlr4-runtime\4.13.1\antlr4-runtime-4.13.1.jar;C:\Users\Pazssoni\.m2\repository\org\antlr\antlr-runtime\3.5.3\antlr-runtime-3.5.3.jar;C:\Users\Pazssoni\.m2\repository\org\antlr\ST4\4.3.4\ST4-4.3.4.jar;C:\Users\Pazssoni\.m2\repository\org\abego\treelayout\org.abego.treelayout.core\1.0.3\org.abego.treelayout.core-1.0.3.jar;C:\Users\Pazssoni\.m2\repository\com\ibm\icu\icu4j\72.1\icu4j-72.1.jar;C:\Users\Pazssoni\.m2\repository\org\junit\jupiter\junit-jupiter-api\5.6.0\junit-jupiter-api-5.6.0.jar;C:\Users\Pazssoni\.m2\repository\org\apiguardian\apiguardian-api\1.1.0\apiguardian-api-1.1.0.jar;C:\Users\Pazssoni\.m2\repository\org\opentest4j\opentest4j\1.2.0\opentest4j-1.2.0.jar;C:\Users\Pazssoni\.m2\repository\org\junit\platform\junit-platform-commons\1.6.0\junit-platform-commons-1.6.0.jar;C:\Users\Pazssoni\.m2\repository\org\junit\jupiter\junit-jupiter-params\5.6.0\junit-jupiter-params-5.6.0.jar;C:\Users\Pazssoni\.m2\repository\org\junit\jupiter\junit-jupiter-engine\5.6.0\junit-jupiter-engine-5.6.0.jar;C:\Users\Pazssoni\.m2\repository\org\junit\platform\junit-platform-engine\1.6.0\junit-platform-engine-1.6.0.jar;"/>
    <property name="java.vm.vendor" value="Oracle Corporation"/>
    <property name="sun.arch.data.model" value="64"/>
    <property name="user.variant" value=""/>
    <property name="java.vendor.url" value="https://java.oracle.com/"/>
    <property name="user.timezone" value="America/Sao_Paulo"/>
    <property name="os.name" value="Windows 11"/>
    <property name="java.vm.specification.version" value="22"/>
    <property name="user.country" value="BR"/>
    <property name="sun.java.launcher" value="SUN_STANDARD"/>
    <property name="sun.boot.library.path" value="C:\Program Files\Java\jdk-22\bin"/>
    <property name="sun.java.command" value="C:\Users\Pazssoni\AppData\Local\Temp\surefire6253222734055312667\surefirebooter-20240718113817826_3.jar C:\Users\Pazssoni\AppData\Local\Temp\surefire6253222734055312667 2024-07-18T11-38-17_698-jvmRun1 surefire-20240718113817826_1tmp surefire_0-20240718113817826_2tmp"/>
    <property name="jdk.debug" value="release"/>
    <property name="surefire.test.class.path" value="C:\Users\Pazssoni\Documents\GitHub\linguagem-krenak-logo-6-periodo-compiladores-grupo-1\krenaklogo\target\test-classes;C:\Users\Pazssoni\Documents\GitHub\linguagem-krenak-logo-6-periodo-compiladores-grupo-1\krenaklogo\target\classes;C:\Users\Pazssoni\.m2\repository\org\antlr\antlr4\4.13.1\antlr4-4.13.1.jar;C:\Users\Pazssoni\.m2\repository\org\antlr\antlr4-runtime\4.13.1\antlr4-runtime-4.13.1.jar;C:\Users\Pazssoni\.m2\repository\org\antlr\antlr-runtime\3.5.3\antlr-runtime-3.5.3.jar;C:\Users\Pazssoni\.m2\repository\org\antlr\ST4\4.3.4\ST4-4.3.4.jar;C:\Users\Pazssoni\.m2\repository\org\abego\treelayout\org.abego.treelayout.core\1.0.3\org.abego.treelayout.core-1.0.3.jar;C:\Users\Pazssoni\.m2\repository\com\ibm\icu\icu4j\72.1\icu4j-72.1.jar;C:\Users\Pazssoni\.m2\repository\org\junit\jupiter\junit-jupiter-api\5.6.0\junit-jupiter-api-5.6.0.jar;C:\Users\Pazssoni\.m2\repository\org\apiguardian\apiguardian-api\1.1.0\apiguardian-api-1.1.0.jar;C:\Users\Pazssoni\.m2\repository\org\opentest4j\opentest4j\1.2.0\opentest4j-1.2.0.jar;C:\Users\Pazssoni\.m2\repository\org\junit\platform\junit-platform-commons\1.6.0\junit-platform-commons-1.6.0.jar;C:\Users\Pazssoni\.m2\repository\org\junit\jupiter\junit-jupiter-params\5.6.0\junit-jupiter-params-5.6.0.jar;C:\Users\Pazssoni\.m2\repository\org\junit\jupiter\junit-jupiter-engine\5.6.0\junit-jupiter-engine-5.6.0.jar;C:\Users\Pazssoni\.m2\repository\org\junit\platform\junit-platform-engine\1.6.0\junit-platform-engine-1.6.0.jar;"/>
    <property name="sun.cpu.endian" value="little"/>
    <property name="user.home" value="C:\Users\Pazssoni"/>
    <property name="user.language" value="pt"/>
    <property name="java.specification.vendor" value="Oracle Corporation"/>
    <property name="java.version.date" value="2024-04-16"/>
    <property name="java.home" value="C:\Program Files\Java\jdk-22"/>
    <property name="file.separator" value="\"/>
    <property name="basedir" value="C:\Users\Pazssoni\Documents\GitHub\linguagem-krenak-logo-6-periodo-compiladores-grupo-1\krenaklogo"/>
    <property name="java.vm.compressedOopsMode" value="32-bit"/>
    <property name="line.separator" value="&#10;"/>
    <property name="java.vm.specification.vendor" value="Oracle Corporation"/>
    <property name="java.specification.name" value="Java Platform API Specification"/>
    <property name="surefire.real.class.path" value="C:\Users\Pazssoni\AppData\Local\Temp\surefire6253222734055312667\surefirebooter-20240718113817826_3.jar"/>
    <property name="user.script" value=""/>
    <property name="sun.management.compiler" value="HotSpot 64-Bit Tiered Compilers"/>
    <property name="java.runtime.version" value="22.0.1+8-16"/>
    <property name="user.name" value="Pazssoni"/>
    <property name="stdout.encoding" value="Cp1252"/>
    <property name="path.separator" value=";"/>
    <property name="os.version" value="10.0"/>
    <property name="java.runtime.name" value="Java(TM) SE Runtime Environment"/>
    <property name="file.encoding" value="UTF-8"/>
    <property name="java.vm.name" value="Java HotSpot(TM) 64-Bit Server VM"/>
    <property name="maven.ext.class.path" value="C:\Program Files\NetBeans-22\netbeans\java\maven-nblib\netbeans-eventspy.jar"/>
    <property name="localRepository" value="C:\Users\Pazssoni\.m2\repository"/>
    <property name="java.vendor.url.bug" value="https://bugreport.java.com/bugreport/"/>
    <property name="java.io.tmpdir" value="C:\Users\Pazssoni\AppData\Local\Temp\"/>
    <property name="java.version" value="22.0.1"/>
    <property name="user.dir" value="C:\Users\Pazssoni\Documents\GitHub\linguagem-krenak-logo-6-periodo-compiladores-grupo-1\krenaklogo"/>
    <property name="os.arch" value="amd64"/>
    <property name="java.vm.specification.name" value="Java Virtual Machine Specification"/>
    <property name="sun.os.patch.level" value=""/>
    <property name="native.encoding" value="Cp1252"/>
    <property name="java.library.path" value="C:\Program Files\Java\jdk-22\bin;C:\Windows\Sun\Java\bin;C:\Windows\system32;C:\Windows;C:\Program Files\Common Files\Oracle\Java\javapath;C:\Program Files (x86)\Common Files\Oracle\Java\javapath;C:\Windows\system32;C:\Windows;C:\Windows\System32\Wbem;C:\Windows\System32\WindowsPowerShell\v1.0\;C:\Windows\System32\OpenSSH\;C:\Program Files\dotnet\;C:\Program Files\Git\cmd;C:\Users\Pazssoni\AppData\Local\Microsoft\WindowsApps;C:\Users\Pazssoni\AppData\Local\Programs\Microsoft VS Code\bin;C:\Users\Pazssoni\AppData\Local\GitHubDesktop\bin;."/>
    <property name="java.vm.info" value="mixed mode, sharing"/>
    <property name="stderr.encoding" value="Cp1252"/>
    <property name="java.vendor" value="Oracle Corporation"/>
    <property name="java.vm.version" value="22.0.1+8-16"/>
    <property name="sun.io.unicode.encoding" value="UnicodeLittle"/>
    <property name="java.class.version" value="66.0"/>
  </properties>
  <testcase name="testRightToken" classname="br.edu.iff.bji.ec.compiladores.krenaklogo.KrenakLogoLexerTest" time="0.042"/>
  <testcase name="testStopToken" classname="br.edu.iff.bji.ec.compiladores.krenaklogo.KrenakLogoLexerTest" time="0.002"/>
  <testcase name="testLeftToken" classname="br.edu.iff.bji.ec.compiladores.krenaklogo.KrenakLogoLexerTest" time="0.001"/>
  <testcase name="testEndToken" classname="br.edu.iff.bji.ec.compiladores.krenaklogo.KrenakLogoLexerTest" time="0.001"/>
  <testcase name="testHomeToken" classname="br.edu.iff.bji.ec.compiladores.krenaklogo.KrenakLogoLexerTest" time="0.001"/>
  <testcase name="testProcedureToken" classname="br.edu.iff.bji.ec.compiladores.krenaklogo.KrenakLogoLexerTest" time="0.002"/>
  <testcase name="testSetxyToken" classname="br.edu.iff.bji.ec.compiladores.krenaklogo.KrenakLogoLexerTest" time="0.0"/>
  <testcase name="testClearscreenToken" classname="br.edu.iff.bji.ec.compiladores.krenaklogo.KrenakLogoLexerTest" time="0.001"/>
  <testcase name="testPrintToken" classname="br.edu.iff.bji.ec.compiladores.krenaklogo.KrenakLogoLexerTest" time="0.001"/>
  <testcase name="testNumberToken" classname="br.edu.iff.bji.ec.compiladores.krenaklogo.KrenakLogoLexerTest" time="0.001"/>
  <testcase name="testLtToken" classname="br.edu.iff.bji.ec.compiladores.krenaklogo.KrenakLogoLexerTest" time="0.0"/>
  <testcase name="testPendownTokens" classname="br.edu.iff.bji.ec.compiladores.krenaklogo.KrenakLogoLexerTest" time="0.001"/>
  <testcase name="testCsToken" classname="br.edu.iff.bji.ec.compiladores.krenaklogo.KrenakLogoLexerTest" time="0.001"/>
  <testcase name="testRepeatToken" classname="br.edu.iff.bji.ec.compiladores.krenaklogo.KrenakLogoLexerTest" time="0.001"/>
  <testcase name="testRtToken" classname="br.edu.iff.bji.ec.compiladores.krenaklogo.KrenakLogoLexerTest" time="0.0"/>
  <testcase name="testForToken" classname="br.edu.iff.bji.ec.compiladores.krenaklogo.KrenakLogoLexerTest" time="0.0"/>
  <testcase name="testPenupTokens" classname="br.edu.iff.bji.ec.compiladores.krenaklogo.KrenakLogoLexerTest" time="0.0"/>
  <testcase name="testIfToken" classname="br.edu.iff.bji.ec.compiladores.krenaklogo.KrenakLogoLexerTest" time="0.0"/>
  <testcase name="testStringLiteralToken" classname="br.edu.iff.bji.ec.compiladores.krenaklogo.KrenakLogoLexerTest" time="0.0"/>
  <testcase name="testHideturtleTokens" classname="br.edu.iff.bji.ec.compiladores.krenaklogo.KrenakLogoLexerTest" time="0.0"/>
  <testcase name="testIdentifierToken" classname="br.edu.iff.bji.ec.compiladores.krenaklogo.KrenakLogoLexerTest" time="0.001"/>
  <testcase name="testMakeToken" classname="br.edu.iff.bji.ec.compiladores.krenaklogo.KrenakLogoLexerTest" time="0.0"/>
</testsuite>